2023-04-10 17:22:53,147 [INFO] Activator:176 - 


2023-04-10 17:22:53,152 [INFO] Activator:177 - !SESSION log4j initialized
2023-04-10 17:22:56,223 [ERROR] LogOutputStream:75 - [STDERR_REDIRECT] 
2023-04-10 17:22:57,603 [INFO] LogOutputStream:77 - [STDOUT_REDIRECT] 
2023-04-10 17:23:04,620 [INFO] LogOutputStream:77 - [STDOUT_REDIRECT] 
2023-04-10 17:23:16,945 [ERROR] LogOutputStream:75 - [STDERR_REDIRECT] SLF4J: Failed to load class "org.slf4j.impl.StaticLoggerBinder".
2023-04-10 17:23:16,946 [ERROR] LogOutputStream:75 - [STDERR_REDIRECT] SLF4J: Defaulting to no-operation (NOP) logger implementation
2023-04-10 17:23:16,948 [ERROR] LogOutputStream:75 - [STDERR_REDIRECT] SLF4J: See http://www.slf4j.org/codes.html#StaticLoggerBinder for further details.
2023-04-10 17:26:40,836 [INFO] McuFinderGlobals:53 - Set McuFinder mode to 2 (CubeIDE integrated)
2023-04-10 17:26:46,068 [INFO] ApplicationProperties:184 - Using Application install path: /Applications/STM32CubeIDE.app/Contents/Eclipse/plugins/com.st.stm32cube.common.mx_6.8.0.202302231600
2023-04-10 17:26:46,087 [INFO] DbMcusXml:78 - Set database path to: /Applications/STM32CubeIDE.app/Contents/Eclipse/plugins/com.st.stm32cube.common.mx_6.8.0.202302231600//db//mcu/
2023-04-10 17:26:46,087 [INFO] ApiDb:274 - Set plugin database path to: /Applications/STM32CubeIDE.app/Contents/Eclipse/plugins/com.st.stm32cube.common.mx_6.8.0.202302231600//db//plugins/boardmanager/
2023-04-10 17:26:46,090 [WARN] ApiDb:259 - Overriding images path with different value:  => /Applications/STM32CubeIDE.app/Contents/Eclipse/plugins/com.st.stm32cube.common.mx_6.8.0.202302231600//db//plugins/mcufinder/images/
2023-04-10 17:26:46,104 [INFO] ApiDb:250 - Set database path to: /Users/nahl/.stmcufinder/plugins/mcufinder//mcu/
2023-04-10 17:26:46,105 [INFO] DbMcusAds:125 - Set database path to: /Users/nahl/.stmcufinder/plugins/mcufinder//mcu/
2023-04-10 17:26:46,109 [INFO] CrossReferenceDbSqlite:203 - Set database path to: /Users/nahl/.stmcufinder/plugins/mcufinder//mcu/cs/
2023-04-10 17:26:46,222 [INFO] RulesReader:64 - Compatibility file has been processed (293 Rules)
2023-04-10 17:26:46,293 [INFO] DbMcusXml:78 - Set database path to: /Applications/STM32CubeIDE.app/Contents/Eclipse/plugins/com.st.stm32cube.common.mx_6.8.0.202302231600//db//mcu/
2023-04-10 17:26:46,293 [INFO] ApiDb:274 - Set plugin database path to: /Applications/STM32CubeIDE.app/Contents/Eclipse/plugins/com.st.stm32cube.common.mx_6.8.0.202302231600//db//plugins/boardmanager/
2023-04-10 17:26:46,293 [INFO] ApiDb:261 - Set plugin images path to: /Applications/STM32CubeIDE.app/Contents/Eclipse/plugins/com.st.stm32cube.common.mx_6.8.0.202302231600//db//plugins/mcufinder/images/
2023-04-10 17:26:46,293 [WARN] DbFile:41 - Overriding database path with different value: /Users/nahl/.stmcufinder/plugins/mcufinder/ => /Users/nahl/.stmcufinder/plugins/mcufinder
2023-04-10 17:26:46,294 [INFO] ApiDb:250 - Set database path to: /Users/nahl/.stmcufinder/plugins/mcufinder//mcu/
2023-04-10 17:26:46,294 [WARN] DbFile:41 - Overriding database path with different value: /Users/nahl/.stmcufinder/plugins/mcufinder/ => /Users/nahl/.stmcufinder/plugins/mcufinder
2023-04-10 17:26:46,294 [INFO] DbMcusAds:125 - Set database path to: /Users/nahl/.stmcufinder/plugins/mcufinder//mcu/
2023-04-10 17:26:46,294 [WARN] DbFile:41 - Overriding database path with different value: /Users/nahl/.stmcufinder/plugins/mcufinder/ => /Users/nahl/.stmcufinder/plugins/mcufinder
2023-04-10 17:26:46,294 [WARN] DbFile:41 - Overriding database path with different value: /Users/nahl/.stmcufinder/plugins/mcufinder/ => /Users/nahl/.stmcufinder/plugins/mcufinder
2023-04-10 17:26:46,294 [INFO] CrossReferenceDbSqlite:203 - Set database path to: /Users/nahl/.stmcufinder/plugins/mcufinder//mcu/cs/
2023-04-10 17:26:46,385 [INFO] MainPanel:253 - HeapMemory: 416284672
2023-04-10 17:26:46,497 [INFO] DbMcusXml:78 - Set database path to: /Applications/STM32CubeIDE.app/Contents/Eclipse/plugins/com.st.stm32cube.common.mx_6.8.0.202302231600//db//mcu/
2023-04-10 17:26:46,497 [INFO] ApiDb:274 - Set plugin database path to: /Applications/STM32CubeIDE.app/Contents/Eclipse/plugins/com.st.stm32cube.common.mx_6.8.0.202302231600//db//plugins/boardmanager/
2023-04-10 17:26:46,497 [INFO] ApiDb:261 - Set plugin images path to: /Applications/STM32CubeIDE.app/Contents/Eclipse/plugins/com.st.stm32cube.common.mx_6.8.0.202302231600//db//plugins/mcufinder/images/
2023-04-10 17:26:46,498 [WARN] DbFile:41 - Overriding database path with different value: /Users/nahl/.stmcufinder/plugins/mcufinder/ => /Users/nahl/.stmcufinder/plugins/mcufinder
2023-04-10 17:26:46,498 [INFO] ApiDb:250 - Set database path to: /Users/nahl/.stmcufinder/plugins/mcufinder//mcu/
2023-04-10 17:26:46,498 [WARN] DbFile:41 - Overriding database path with different value: /Users/nahl/.stmcufinder/plugins/mcufinder/ => /Users/nahl/.stmcufinder/plugins/mcufinder
2023-04-10 17:26:46,498 [INFO] DbMcusAds:125 - Set database path to: /Users/nahl/.stmcufinder/plugins/mcufinder//mcu/
2023-04-10 17:26:46,498 [WARN] DbFile:41 - Overriding database path with different value: /Users/nahl/.stmcufinder/plugins/mcufinder/ => /Users/nahl/.stmcufinder/plugins/mcufinder
2023-04-10 17:26:46,498 [WARN] DbFile:41 - Overriding database path with different value: /Users/nahl/.stmcufinder/plugins/mcufinder/ => /Users/nahl/.stmcufinder/plugins/mcufinder
2023-04-10 17:26:46,498 [INFO] CrossReferenceDbSqlite:203 - Set database path to: /Users/nahl/.stmcufinder/plugins/mcufinder//mcu/cs/
2023-04-10 17:26:46,517 [INFO] ApplicationProperties:184 - Using Application install path: /Applications/STM32CubeIDE.app/Contents/Eclipse/plugins/com.st.stm32cube.common.mx_6.8.0.202302231600
2023-04-10 17:26:46,519 [INFO] PluginManage:196 - Search for loadable plugins [exclusion list=, ]
2023-04-10 17:26:46,520 [INFO] PluginManage:310 - Check plugin analytics
2023-04-10 17:26:46,742 [INFO] AnalyticsPlugin:253 - Accepted Software Licenses: 
2023-04-10 17:26:46,742 [INFO] AnalyticsPlugin:255 - Accepted CMSIS Pack Licenses: 
2023-04-10 17:26:46,742 [INFO] AnalyticsPlugin:257 - Accepted Firmware Licenses: 
2023-04-10 17:26:46,745 [INFO] PluginManage:359 - Loaded plugin analytics (category:tool,tabindex:-1)
2023-04-10 17:26:46,745 [INFO] PluginManage:310 - Check plugin cadmodel
2023-04-10 17:26:47,846 [INFO] CADModel:105 - Init CAD model plugin
2023-04-10 17:26:47,846 [INFO] PluginManage:359 - Loaded plugin cadmodel (category:power,tabindex:5)
2023-04-10 17:26:47,846 [INFO] PluginManage:310 - Check plugin clock
2023-04-10 17:26:47,863 [INFO] PluginManage:359 - Loaded plugin clock (category:base,tabindex:2)
2023-04-10 17:26:47,863 [INFO] PluginManage:310 - Check plugin ddr
2023-04-10 17:26:47,867 [INFO] PluginManage:359 - Loaded plugin ddr (category:tool,tabindex:6)
2023-04-10 17:26:47,867 [INFO] PluginManage:310 - Check plugin filemanager
2023-04-10 17:26:48,042 [INFO] PluginManage:359 - Loaded plugin filemanager (category:base,tabindex:10)
2023-04-10 17:26:48,042 [INFO] PluginManage:310 - Check plugin ipmanager
2023-04-10 17:26:48,049 [INFO] PluginManage:359 - Loaded plugin ipmanager (category:base,tabindex:5)
2023-04-10 17:26:48,049 [INFO] PluginManage:310 - Check plugin lpbam
2023-04-10 17:26:48,061 [INFO] PluginManage:359 - Loaded plugin lpbam (category:base,tabindex:0)
2023-04-10 17:26:48,061 [INFO] PluginManage:310 - Check plugin pinoutandconfiguration
2023-04-10 17:26:48,070 [INFO] PluginManage:359 - Loaded plugin pinoutandconfiguration (category:base,tabindex:1)
2023-04-10 17:26:48,070 [INFO] PluginManage:310 - Check plugin pinoutconfig
2023-04-10 17:26:48,166 [WARN] SupportedApi:132 - Cannot load RTOS API schema: s4s-elt-must-match.1: The content of 'definitions' must match (annotation?, (simpleType | complexType)?, (unique | key | keyref)*)). A problem was found starting at: attribute.
2023-04-10 17:26:48,324 [INFO] PluginManage:359 - Loaded plugin pinoutconfig (category:base,tabindex:0)
2023-04-10 17:26:48,324 [INFO] PluginManage:310 - Check plugin power
2023-04-10 17:26:48,334 [INFO] PluginManage:359 - Loaded plugin power (category:power,tabindex:4)
2023-04-10 17:26:48,334 [INFO] PluginManage:310 - Check plugin projectmanager
2023-04-10 17:26:48,348 [INFO] PluginManage:359 - Loaded plugin projectmanager (category:projectmanager,tabindex:3)
2023-04-10 17:26:48,349 [INFO] PluginManage:310 - Check plugin thirdparty
2023-04-10 17:26:48,472 [INFO] PluginManage:359 - Loaded plugin thirdparty (category:base,tabindex:-1)
2023-04-10 17:26:48,473 [INFO] PluginManage:310 - Check plugin tools
2023-04-10 17:26:48,472 [WARN] IntegrityCheckThread:84 - waiting for thirdparty lock release [integrity check]
2023-04-10 17:26:48,474 [INFO] IntegrityCheckThread:86 - entering critical section [integrity check]
2023-04-10 17:26:48,475 [INFO] PluginManage:359 - Loaded plugin tools (category:base,tabindex:7)
2023-04-10 17:26:48,475 [INFO] PluginManage:310 - Check plugin tutovideos
2023-04-10 17:26:48,476 [INFO] ThirdPartyUpdaterWithRetryManager:70 - Updater plugin not ready yet. [1/15]
2023-04-10 17:26:48,730 [INFO] PluginManage:359 - Loaded plugin tutovideos (category:base,tabindex:-1)
2023-04-10 17:26:48,730 [INFO] PluginManage:310 - Check plugin updater
2023-04-10 17:26:48,747 [INFO] PluginManage:359 - Loaded plugin updater (category:base,tabindex:12)
2023-04-10 17:26:48,747 [INFO] PluginManage:283 - PluginManage : Loaded plugins [15]
2023-04-10 17:26:49,017 [INFO] PinOutPanel:1499 - setPackage(No Configuration,No Configuration)
2023-04-10 17:26:49,082 [INFO] CADModel:165 - CPN selected for project level
2023-04-10 17:26:49,082 [INFO] CADModel:114 - Register for checkConnection events
2023-04-10 17:26:49,099 [INFO] IPUIPlugin:80 - create IPUIPlugin
2023-04-10 17:26:49,099 [INFO] PluginManager:220 - loadIPPluginJar : add mdma
2023-04-10 17:26:49,108 [INFO] IPUIPlugin:80 - create IPUIPlugin
2023-04-10 17:26:49,108 [INFO] PluginManager:220 - loadIPPluginJar : add freertos
2023-04-10 17:26:49,115 [INFO] IPUIPlugin:80 - create IPUIPlugin
2023-04-10 17:26:49,115 [INFO] PluginManager:220 - loadIPPluginJar : add gic
2023-04-10 17:26:49,128 [INFO] IPUIPlugin:80 - create IPUIPlugin
2023-04-10 17:26:49,128 [INFO] PluginManager:220 - loadIPPluginJar : add adc
2023-04-10 17:26:49,131 [INFO] IPUIPlugin:80 - create IPUIPlugin
2023-04-10 17:26:49,131 [INFO] PluginManager:220 - loadIPPluginJar : add gtzc
2023-04-10 17:26:49,132 [INFO] IPUIPlugin:80 - create IPUIPlugin
2023-04-10 17:26:49,132 [INFO] PluginManager:220 - loadIPPluginJar : add quadspi
2023-04-10 17:26:49,135 [INFO] IPUIPlugin:80 - create IPUIPlugin
2023-04-10 17:26:49,135 [INFO] PluginManager:220 - loadIPPluginJar : add aes
2023-04-10 17:26:49,139 [INFO] IPUIPlugin:80 - create IPUIPlugin
2023-04-10 17:26:49,139 [INFO] PluginManager:220 - loadIPPluginJar : add pdm2pcm
2023-04-10 17:26:49,141 [INFO] IPUIPlugin:80 - create IPUIPlugin
2023-04-10 17:26:49,141 [INFO] PluginManager:220 - loadIPPluginJar : add hash
2023-04-10 17:26:49,143 [INFO] IPUIPlugin:80 - create IPUIPlugin
2023-04-10 17:26:49,143 [INFO] PluginManager:220 - loadIPPluginJar : add tim
2023-04-10 17:26:49,145 [INFO] IPUIPlugin:80 - create IPUIPlugin
2023-04-10 17:26:49,145 [INFO] PluginManager:220 - loadIPPluginJar : add tsc
2023-04-10 17:26:49,147 [INFO] IPUIPlugin:80 - create IPUIPlugin
2023-04-10 17:26:49,147 [INFO] PluginManager:220 - loadIPPluginJar : add ts
2023-04-10 17:26:49,150 [INFO] IPUIPlugin:80 - create IPUIPlugin
2023-04-10 17:26:49,150 [INFO] PluginManager:220 - loadIPPluginJar : add can
2023-04-10 17:26:49,153 [INFO] IPUIPlugin:80 - create IPUIPlugin
2023-04-10 17:26:49,153 [INFO] PluginManager:220 - loadIPPluginJar : add dma3
2023-04-10 17:26:49,155 [INFO] IPUIPlugin:80 - create IPUIPlugin
2023-04-10 17:26:49,155 [INFO] PluginManager:220 - loadIPPluginJar : add dfsdm
2023-04-10 17:26:49,158 [INFO] IPUIPlugin:80 - create IPUIPlugin
2023-04-10 17:26:49,158 [INFO] PluginManager:220 - loadIPPluginJar : add spi
2023-04-10 17:26:49,161 [INFO] IPUIPlugin:80 - create IPUIPlugin
2023-04-10 17:26:49,161 [INFO] PluginManager:220 - loadIPPluginJar : add gfxmmu
2023-04-10 17:26:49,162 [INFO] IPUIPlugin:80 - create IPUIPlugin
2023-04-10 17:26:49,162 [INFO] PluginManager:220 - loadIPPluginJar : add genericplugin
2023-04-10 17:26:49,165 [INFO] IPUIPlugin:80 - create IPUIPlugin
2023-04-10 17:26:49,165 [INFO] PluginManager:220 - loadIPPluginJar : add cryp
2023-04-10 17:26:49,171 [INFO] IPUIPlugin:80 - create IPUIPlugin
2023-04-10 17:26:49,171 [INFO] PluginManager:220 - loadIPPluginJar : add gpio
2023-04-10 17:26:49,173 [INFO] IPUIPlugin:80 - create IPUIPlugin
2023-04-10 17:26:49,173 [INFO] PluginManager:220 - loadIPPluginJar : add comp
2023-04-10 17:26:49,175 [INFO] IPUIPlugin:80 - create IPUIPlugin
2023-04-10 17:26:49,175 [INFO] PluginManager:220 - loadIPPluginJar : add tracer_emb
2023-04-10 17:26:49,179 [INFO] IPUIPlugin:80 - create IPUIPlugin
2023-04-10 17:26:49,179 [INFO] PluginManager:220 - loadIPPluginJar : add openamp
2023-04-10 17:26:49,185 [INFO] IPUIPlugin:80 - create IPUIPlugin
2023-04-10 17:26:49,185 [INFO] PluginManager:220 - loadIPPluginJar : add stm32_wpan
2023-04-10 17:26:49,193 [INFO] IPUIPlugin:80 - create IPUIPlugin
2023-04-10 17:26:49,196 [INFO] PluginManager:220 - loadIPPluginJar : add plateformsettings
2023-04-10 17:26:49,201 [INFO] IPUIPlugin:80 - create IPUIPlugin
2023-04-10 17:26:49,201 [INFO] PluginManager:220 - loadIPPluginJar : add ipddr
2023-04-10 17:26:49,204 [INFO] IPUIPlugin:80 - create IPUIPlugin
2023-04-10 17:26:49,204 [INFO] PluginManager:220 - loadIPPluginJar : add usart
2023-04-10 17:26:49,206 [INFO] IPUIPlugin:80 - create IPUIPlugin
2023-04-10 17:26:49,206 [INFO] PluginManager:220 - loadIPPluginJar : add ltdc
2023-04-10 17:26:49,211 [INFO] IPUIPlugin:80 - create IPUIPlugin
2023-04-10 17:26:49,211 [INFO] PluginManager:220 - loadIPPluginJar : add nvic
2023-04-10 17:26:49,212 [INFO] IPUIPlugin:80 - create IPUIPlugin
2023-04-10 17:26:49,212 [INFO] PluginManager:220 - loadIPPluginJar : add fatfs
2023-04-10 17:26:49,222 [INFO] IPUIPlugin:80 - create IPUIPlugin
2023-04-10 17:26:49,222 [INFO] PluginManager:220 - loadIPPluginJar : add linkedlist
2023-04-10 17:26:49,229 [INFO] IPUIPlugin:80 - create IPUIPlugin
2023-04-10 17:26:49,229 [INFO] PluginManager:220 - loadIPPluginJar : add dma
2023-04-10 17:26:49,234 [INFO] IPUIPlugin:80 - create IPUIPlugin
2023-04-10 17:26:49,234 [INFO] PluginManager:220 - loadIPPluginJar : add fmc
2023-04-10 17:26:49,238 [INFO] IPUIPlugin:80 - create IPUIPlugin
2023-04-10 17:26:49,238 [INFO] PluginManager:220 - loadIPPluginJar : add i2s
2023-04-10 17:26:49,240 [INFO] IPUIPlugin:80 - create IPUIPlugin
2023-04-10 17:26:49,240 [INFO] PluginManager:220 - loadIPPluginJar : add ucpd
2023-04-10 17:26:49,244 [INFO] IPUIPlugin:80 - create IPUIPlugin
2023-04-10 17:26:49,244 [INFO] PluginManager:220 - loadIPPluginJar : add lorawan
2023-04-10 17:26:49,246 [INFO] IPUIPlugin:80 - create IPUIPlugin
2023-04-10 17:26:49,247 [INFO] PluginManager:220 - loadIPPluginJar : add opamp
2023-04-10 17:26:49,250 [INFO] IPUIPlugin:80 - create IPUIPlugin
2023-04-10 17:26:49,250 [INFO] PluginManager:220 - loadIPPluginJar : add i3c
2023-04-10 17:26:49,254 [INFO] IPUIPlugin:80 - create IPUIPlugin
2023-04-10 17:26:49,254 [INFO] PluginManager:220 - loadIPPluginJar : add touchsensing
2023-04-10 17:26:49,267 [INFO] IPUIPlugin:80 - create IPUIPlugin
2023-04-10 17:26:49,267 [INFO] PluginManager:220 - loadIPPluginJar : add i2c
2023-04-10 17:26:49,271 [INFO] IPUIPlugin:80 - create IPUIPlugin
2023-04-10 17:26:49,271 [INFO] PluginManager:220 - loadIPPluginJar : add resmgrutility
2023-04-10 17:26:49,276 [INFO] IPUIPlugin:80 - create IPUIPlugin
2023-04-10 17:26:49,276 [INFO] PluginManager:220 - loadIPPluginJar : add sai
2023-04-10 17:26:49,279 [INFO] IPUIPlugin:80 - create IPUIPlugin
2023-04-10 17:26:49,279 [INFO] PluginManager:220 - loadIPPluginJar : add usbx
2023-04-10 17:26:49,390 [INFO] CADModel:165 - CPN selected for project level
2023-04-10 17:26:49,390 [INFO] CADModel:114 - Register for checkConnection events
2023-04-10 17:26:49,391 [FATAL] Updater:308 - Updater called before beeing initialized
2023-04-10 17:26:49,391 [ERROR] CADModel:125 - Updater not yet initialized, retry later 
2023-04-10 17:26:49,521 [INFO] CADModel:165 - CPN selected for project level
2023-04-10 17:26:49,521 [INFO] CADModel:114 - Register for checkConnection events
2023-04-10 17:26:49,522 [FATAL] Updater:308 - Updater called before beeing initialized
2023-04-10 17:26:49,522 [ERROR] CADModel:125 - Updater not yet initialized, retry later 
2023-04-10 17:26:49,527 [FATAL] Updater:308 - Updater called before beeing initialized
2023-04-10 17:26:49,617 [FATAL] Updater:308 - Updater called before beeing initialized
2023-04-10 17:26:49,630 [INFO] DbMcusAds:53 - JSON generation date=Tue Mar 07 08:50:55 GMT 2023 (1678179055335)
2023-04-10 17:26:49,630 [FATAL] Updater:308 - Updater called before beeing initialized
2023-04-10 17:26:49,788 [WARN] DetailPanel:346 - Failed to get advertising image, set to default
2023-04-10 17:26:49,953 [FATAL] Updater:308 - Updater called before beeing initialized
2023-04-10 17:26:49,955 [FATAL] Updater:308 - Updater called before beeing initialized
2023-04-10 17:26:49,956 [FATAL] Updater:308 - Updater called before beeing initialized
2023-04-10 17:26:49,956 [WARN] DetailPanel:346 - Failed to get advertising image, set to default
2023-04-10 17:26:49,956 [FATAL] Updater:308 - Updater called before beeing initialized
2023-04-10 17:26:49,987 [ERROR] Updater:1120 - MainUpdater not yet initialized. External WinMGr cannot be set.
2023-04-10 17:26:50,017 [INFO] Updater:1056 - Updater Version found : 6.8.0
2023-04-10 17:26:50,041 [INFO] ApplicationProperties:184 - Using Application install path: /Applications/STM32CubeIDE.app/Contents/Eclipse/plugins/com.st.stm32cube.common.mx_6.8.0.202302231600
2023-04-10 17:26:50,260 [INFO] MainUpdater:2854 - connection check result : 10
2023-04-10 17:26:50,261 [INFO] MainUpdater:283 - Updater Check For Update Now.
2023-04-10 17:26:50,261 [INFO] MicroXplorer:498 - Change Database Version : DB.6.0.80
2023-04-10 17:26:50,456 [INFO] CheckServerUpdateThread:120 - End of CheckServer Thread
2023-04-10 17:26:50,470 [INFO] MainUpdater:2854 - connection check result : 10
2023-04-10 17:26:50,472 [INFO] McuFinderGlobals:66 - Set McuFinderConnectedMode to true
2023-04-10 17:26:51,060 [INFO] ServerAccessManage:473 - Download File mcusAds.json._tmp_
2023-04-10 17:26:51,173 [INFO] LoadUrlFilesThread:156 - End of LoadUrlFiles Thread
2023-04-10 17:26:51,479 [WARN] MainUpdater:1187 - Updater busy. Cannot search thirdparties
2023-04-10 17:26:51,479 [INFO] ThirdPartyUpdaterWithRetryManager:96 - Updater plugin is busy. [1/15]
2023-04-10 17:26:51,572 [INFO] ServerAccessManage:473 - Download File cube-finder-db.zip
2023-04-10 17:26:54,480 [WARN] MainUpdater:1187 - Updater busy. Cannot search thirdparties
2023-04-10 17:26:54,480 [INFO] ThirdPartyUpdaterWithRetryManager:96 - Updater plugin is busy. [2/15]
2023-04-10 17:26:57,482 [WARN] MainUpdater:1187 - Updater busy. Cannot search thirdparties
2023-04-10 17:26:57,483 [INFO] ThirdPartyUpdaterWithRetryManager:96 - Updater plugin is busy. [3/15]
2023-04-10 17:27:00,487 [WARN] MainUpdater:1187 - Updater busy. Cannot search thirdparties
2023-04-10 17:27:00,488 [INFO] ThirdPartyUpdaterWithRetryManager:96 - Updater plugin is busy. [4/15]
2023-04-10 17:27:03,490 [WARN] MainUpdater:1187 - Updater busy. Cannot search thirdparties
2023-04-10 17:27:03,490 [INFO] ThirdPartyUpdaterWithRetryManager:96 - Updater plugin is busy. [5/15]
2023-04-10 17:27:03,837 [INFO] FileExtend:240 - Unzip File : cube-finder-db.zip
2023-04-10 17:27:03,838 [INFO] FileExtend:255 - Standard Zip Deflate
2023-04-10 17:27:04,733 [INFO] LoadUrlFilesThread:156 - End of LoadUrlFiles Thread
2023-04-10 17:27:05,067 [INFO] ServerAccessManage:473 - Download File crdb.zip
2023-04-10 17:27:05,372 [INFO] FileExtend:240 - Unzip File : crdb.zip
2023-04-10 17:27:05,373 [INFO] FileExtend:255 - Standard Zip Deflate
2023-04-10 17:27:05,505 [INFO] LoadUrlFilesThread:156 - End of LoadUrlFiles Thread
2023-04-10 17:27:05,780 [INFO] ServerAccessManage:473 - Download File tutoVideoDB.zip
2023-04-10 17:27:05,836 [INFO] FileExtend:240 - Unzip File : tutoVideoDB.zip
2023-04-10 17:27:05,837 [INFO] FileExtend:255 - Standard Zip Deflate
2023-04-10 17:27:05,962 [INFO] LoadUrlFilesThread:156 - End of LoadUrlFiles Thread
2023-04-10 17:27:05,994 [WARN] DbFile:41 - Overriding database path with different value: /Users/nahl/.stmcufinder/plugins/mcufinder/ => /Users/nahl/.stmcufinder/plugins/mcufinder
2023-04-10 17:27:06,162 [INFO] ServerAccessManage:473 - Download File api_config.json
2023-04-10 17:27:06,278 [INFO] LoadUrlFilesThread:156 - End of LoadUrlFiles Thread
2023-04-10 17:27:06,284 [INFO] DbMcusAds:53 - JSON generation date=Tue Mar 07 08:50:55 GMT 2023 (1678179055335)
2023-04-10 17:27:06,327 [INFO] LoadUrlFilesThread:185 - End of LoadServerUrlFiles without Thread
2023-04-10 17:27:06,328 [INFO] TargetSelectorAdapter:259 - Refresh data is successful
2023-04-10 17:27:06,635 [INFO] ApiDb:581 - Connected to CubeFinder SQLite database (/Users/nahl/.stmcufinder/plugins/mcufinder/mcu/cube-finder-db.db)
2023-04-10 17:27:06,719 [INFO] ApiDb:668 - CubeFinder database Data Model version=2.1
2023-04-10 17:27:06,719 [INFO] ApiDb:669 - CubeFinder database Configuration version=3.0.35
2023-04-10 17:27:06,720 [INFO] ApiDb:670 - CubeFinder database generation date=2023-03-10 (1678456172)
2023-04-10 17:27:06,720 [INFO] ApiDb:671 - CubeFinder database FW Pack versions=[FP-ATR-ASTRA1_V1.1.1, STM32Cube_FW_C0_V1.0.1, STM32Cube_FW_F0_V1.11.4, STM32Cube_FW_F3_V1.11.4, STM32Cube_FW_F4_V1.27.1, STM32Cube_FW_F7_V1.17.0, STM32Cube_FW_G0_V1.6.1, STM32Cube_FW_G4_V1.5.1, STM32Cube_FW_H5_V0.5.1, STM32Cube_FW_H5_V1.0.0, STM32Cube_FW_H7_V1.11.0, STM32Cube_FW_L0_V1.12.2, STM32Cube_FW_L5_V1.5.0, STM32Cube_FW_U5_V1.2.0, STM32Cube_FW_WBA_V1.0.0, STM32Cube_FW_WBA_V1.0.0RC1, STM32Cube_FW_WBA_V1.0.0RC3, STM32Cube_FW_WB_V1.15.0RC1, STM32Cube_FW_WB_V1.16.0, STM32Cube_FW_WB_V1.16.0RC2, STM32Cube_FW_WL_V1.3.0, X-CUBE-ALGOBUILD_V1.3.0, X-CUBE-ALS_V1.0.1, X-CUBE-AZRTOS-F4_V1.1.0, X-CUBE-AZRTOS-F7_V1.1.0, X-CUBE-AZRTOS-G0_V1.1.0, X-CUBE-AZRTOS-G4_V1.0.0, X-CUBE-AZRTOS-H7_V3.0.0, X-CUBE-AZRTOS-L4_V1.0.0, X-CUBE-AZRTOS-L5_V1.1.0, X-CUBE-AZRTOS-WB_V1.1.0, X-CUBE-AZRTOS-WL_V1.0.0, X-CUBE-BLE1_V6.2.4, X-CUBE-BLE2_V3.3.0, X-CUBE-BLEMGR_V1.3.0, X-CUBE-EEPRMA1_V4.1.0, X-CUBE-GNSS1_V6.0.0, X-CUBE-MEMS1_V9.1.0, X-CUBE-MEMS1_V9.4.0, X-CUBE-MEMS1_V9.5.0, X-CUBE-NFC4_V3.0.0, X-CUBE-NFC7_V1.0.0, X-CUBE-SFXS2LP1_V4.0.0, X-CUBE-SUBG2_V5.0.0]
2023-04-10 17:27:06,754 [WARN] PackLoader:240 - Cannot read IP mode file for STMicroelectronics.X-CUBE-GNSS1.6.0.0
2023-04-10 17:27:06,822 [WARN] PackLoader:240 - Cannot read IP mode file for STMicroelectronics.X-CUBE-AZRTOS-F4.1.1.0
2023-04-10 17:27:06,867 [WARN] PackLoader:240 - Cannot read IP mode file for STMicroelectronics.X-CUBE-SUBG2.4.1.0
2023-04-10 17:27:07,005 [WARN] PackLoader:240 - Cannot read IP mode file for STMicroelectronics.X-CUBE-MEMS1.9.2.0
2023-04-10 17:27:07,386 [WARN] PackLoader:240 - Cannot read IP mode file for STMicroelectronics.X-CUBE-AZRTOS-F7.1.1.0
2023-04-10 17:27:07,393 [WARN] PackLoader:240 - Cannot read IP mode file for STMicroelectronics.X-CUBE-AI.7.1.0
2023-04-10 17:27:07,397 [WARN] PackLoader:240 - Cannot read IP mode file for STMicroelectronics.X-CUBE-BLE1.6.2.3
2023-04-10 17:27:07,402 [WARN] PackLoader:240 - Cannot read IP mode file for STMicroelectronics.X-CUBE-EEPRMA1.3.0.0
2023-04-10 17:27:07,407 [WARN] PackLoader:240 - Cannot read IP mode file for STMicroelectronics.X-CUBE-BLE1.6.2.4
2023-04-10 17:27:07,415 [WARN] PackLoader:240 - Cannot read IP mode file for STMicroelectronics.X-CUBE-BLEMGR.2.0.0
2023-04-10 17:27:07,424 [WARN] PackLoader:240 - Cannot read IP mode file for STMicroelectronics.X-CUBE-BLE1.6.2.0
2023-04-10 17:27:07,428 [WARN] PackLoader:240 - Cannot read IP mode file for STMicroelectronics.X-CUBE-BLE1.6.2.2
2023-04-10 17:27:07,434 [WARN] PackLoader:240 - Cannot read IP mode file for STMicroelectronics.X-CUBE-NFC4.2.0.4
2023-04-10 17:27:07,439 [WARN] PackLoader:240 - Cannot read IP mode file for STMicroelectronics.X-CUBE-BLE2.3.2.2
2023-04-10 17:27:07,444 [WARN] PackLoader:240 - Cannot read IP mode file for STMicroelectronics.X-CUBE-NFC4.2.0.3
2023-04-10 17:27:07,450 [WARN] PackLoader:240 - Cannot read IP mode file for STMicroelectronics.X-CUBE-NFC4.2.0.2
2023-04-10 17:27:07,455 [WARN] PackLoader:240 - Cannot read IP mode file for STMicroelectronics.X-CUBE-TOUCHGFX.4.19.0
2023-04-10 17:27:07,465 [WARN] PackLoader:240 - Cannot read IP mode file for STMicroelectronics.X-CUBE-TOF1.3.1.0
2023-04-10 17:27:07,493 [WARN] PackLoader:240 - Cannot read IP mode file for STMicroelectronics.X-CUBE-BLE2.3.2.0
2023-04-10 17:27:07,502 [WARN] PackLoader:240 - Cannot read IP mode file for STMicroelectronics.X-CUBE-SFXS2LP1.3.1.0
2023-04-10 17:27:07,516 [WARN] PackLoader:240 - Cannot read IP mode file for STMicroelectronics.X-CUBE-DISPLAY.3.0.0
2023-04-10 17:27:07,547 [WARN] PackLoader:240 - Cannot read IP mode file for STMicroelectronics.X-CUBE-AZRTOS-F4.1.0.0
2023-04-10 17:27:07,573 [WARN] PackLoader:240 - Cannot read IP mode file for STMicroelectronics.X-CUBE-TOF1.2.0.0
2023-04-10 17:27:07,581 [WARN] PackLoader:240 - Cannot read IP mode file for STMicroelectronics.X-CUBE-NFC7.1.0.0
2023-04-10 17:27:07,599 [WARN] PackLoader:240 - Cannot read IP mode file for STMicroelectronics.X-CUBE-SUBG2.4.2.0
2023-04-10 17:27:07,631 [WARN] PackLoader:240 - Cannot read IP mode file for STMicroelectronics.X-CUBE-AZRTOS-H7.1.0.0
2023-04-10 17:27:07,714 [WARN] PackLoader:240 - Cannot read IP mode file for STMicroelectronics.X-CUBE-MEMS1.9.3.0
2023-04-10 17:27:07,996 [WARN] PackLoader:240 - Cannot read IP mode file for STMicroelectronics.X-CUBE-EEPRMA1.4.1.0
2023-04-10 17:27:08,000 [WARN] PackLoader:240 - Cannot read IP mode file for STMicroelectronics.X-CUBE-AI.7.2.0
2023-04-10 17:27:08,002 [WARN] PackLoader:240 - Cannot read IP mode file for STMicroelectronics.X-CUBE-DISPLAY.1.0.0
2023-04-10 17:27:08,005 [WARN] PackLoader:240 - Cannot read IP mode file for STMicroelectronics.X-CUBE-AI.6.0.0
2023-04-10 17:27:08,030 [WARN] PackLoader:240 - Cannot read IP mode file for STMicroelectronics.X-CUBE-AZRTOS-G0.1.0.0
2023-04-10 17:27:08,046 [WARN] PackLoader:240 - Cannot read IP mode file for STMicroelectronics.X-CUBE-ALGOBUILD.1.2.0
2023-04-10 17:27:08,057 [WARN] PackLoader:240 - Cannot read IP mode file for WES.I-CUBE-Cesium.1.3.0
2023-04-10 17:27:08,063 [WARN] PackLoader:240 - Cannot read IP mode file for STMicroelectronics.X-CUBE-SFXS2LP1.4.0.0
2023-04-10 17:27:08,068 [WARN] PackLoader:240 - Cannot read IP mode file for STMicroelectronics.X-CUBE-BLE2.3.3.0
2023-04-10 17:27:08,075 [WARN] PackLoader:240 - Cannot read IP mode file for STMicroelectronics.X-CUBE-DISPLAY.2.2.0
2023-04-10 17:27:08,081 [WARN] PackLoader:240 - Cannot read IP mode file for wolfSSL.I-CUBE-wolfSSL.4.7.0
2023-04-10 17:27:08,094 [WARN] PackLoader:240 - Cannot read IP mode file for STMicroelectronics.X-CUBE-TOF1.3.2.0
2023-04-10 17:27:08,111 [WARN] PackLoader:240 - Cannot read IP mode file for STMicroelectronics.X-CUBE-TOUCHGFX.4.18.1
2023-04-10 17:27:08,157 [WARN] PackLoader:240 - Cannot read IP mode file for STMicroelectronics.X-CUBE-AZRTOS-H7.3.0.0
2023-04-10 17:27:08,164 [WARN] PackLoader:240 - Cannot read IP mode file for STMicroelectronics.X-CUBE-ISPU.1.0.0
2023-04-10 17:27:08,168 [WARN] PackLoader:240 - Cannot read IP mode file for STMicroelectronics.X-CUBE-ISPU.1.1.0
2023-04-10 17:27:08,177 [WARN] PackLoader:240 - Cannot read IP mode file for RoweBots.I-CUBE-UNISONRTOS.5.5.0-4
2023-04-10 17:27:08,183 [WARN] PackLoader:240 - Cannot read IP mode file for STMicroelectronics.X-CUBE-SFXS2LP1.3.0.0
2023-04-10 17:27:08,213 [WARN] PackLoader:240 - Cannot read IP mode file for STMicroelectronics.X-CUBE-AZRTOS-H7.2.1.0
2023-04-10 17:27:08,223 [WARN] PackLoader:240 - Cannot read IP mode file for STMicroelectronics.X-CUBE-AI.8.0.0
2023-04-10 17:27:08,229 [WARN] PackLoader:240 - Cannot read IP mode file for STMicroelectronics.X-CUBE-FREERTOS.1.0.0
2023-04-10 17:27:08,232 [WARN] PackLoader:240 - Cannot read IP mode file for STMicroelectronics.X-CUBE-TOUCHGFX.4.21.1
2023-04-10 17:27:08,235 [WARN] PackLoader:240 - Cannot read IP mode file for STMicroelectronics.X-CUBE-TOUCHGFX.4.21.3
2023-04-10 17:27:08,241 [WARN] PackLoader:240 - Cannot read IP mode file for STMicroelectronics.X-CUBE-BLEMGR.1.0.0
2023-04-10 17:27:08,248 [WARN] PackLoader:240 - Cannot read IP mode file for STMicroelectronics.X-CUBE-ALGOBUILD.1.3.0
2023-04-10 17:27:08,297 [WARN] PackLoader:240 - Cannot read IP mode file for STMicroelectronics.X-CUBE-AZRTOS-L5.1.1.0
2023-04-10 17:27:08,332 [WARN] PackLoader:240 - Cannot read IP mode file for STMicroelectronics.X-CUBE-AZRTOS-G0.1.1.0
2023-04-10 17:27:08,346 [WARN] PackLoader:240 - Cannot read IP mode file for STMicroelectronics.X-CUBE-SUBG2.5.0.0
2023-04-10 17:27:08,359 [WARN] PackLoader:240 - Cannot read IP mode file for STMicroelectronics.X-CUBE-NFC4.3.0.0
2023-04-10 17:27:08,395 [WARN] PackLoader:240 - Cannot read IP mode file for SEGGER.I-CUBE-embOS.1.2.0
2023-04-10 17:27:08,448 [WARN] PackLoader:240 - Cannot read IP mode file for STMicroelectronics.X-CUBE-TOF1.3.3.0
2023-04-10 17:27:08,461 [WARN] PackLoader:240 - Cannot read IP mode file for STMicroelectronics.FP-ATR-ASTRA1.1.1.1
2023-04-10 17:27:08,463 [WARN] PackLoader:240 - Cannot read IP mode file for STMicroelectronics.FP-ATR-ASTRA1.1.1.0
2023-04-10 17:27:08,469 [WARN] PackLoader:240 - Cannot read IP mode file for STMicroelectronics.X-CUBE-BLEMGR.1.3.0
2023-04-10 17:27:08,487 [WARN] PackLoader:240 - Cannot read IP mode file for STMicroelectronics.X-CUBE-AZRTOS-H7.2.0.0
2023-04-10 17:27:08,517 [WARN] PackLoader:240 - Cannot read IP mode file for STMicroelectronics.X-CUBE-AZRTOS-G4.1.0.0
2023-04-10 17:27:08,520 [WARN] PackLoader:240 - Cannot read IP mode file for STMicroelectronics.FP-ATR-SIGFOX1.3.2.0
2023-04-10 17:27:08,540 [WARN] PackLoader:240 - Cannot read IP mode file for STMicroelectronics.X-CUBE-AZRTOS-L4.1.0.0
2023-04-10 17:27:08,549 [WARN] PackLoader:240 - Cannot read IP mode file for emotas.I-CUBE-CANOPEN.1.1.2
2023-04-10 17:27:08,551 [WARN] PackLoader:240 - Cannot read IP mode file for STMicroelectronics.X-CUBE-TOUCHGFX.4.20.0
2023-04-10 17:27:08,572 [WARN] PackLoader:240 - Cannot read IP mode file for STMicroelectronics.X-CUBE-AZRTOS-F7.1.0.0
2023-04-10 17:27:08,588 [WARN] PackLoader:240 - Cannot read IP mode file for STMicroelectronics.X-CUBE-AZRTOS-WL.1.0.0
2023-04-10 17:27:08,629 [WARN] PackLoader:240 - Cannot read IP mode file for STMicroelectronics.X-CUBE-MEMS1.9.1.0
2023-04-10 17:27:08,779 [WARN] PackLoader:240 - Cannot read IP mode file for STMicroelectronics.X-CUBE-TOF1.1.0.0
2023-04-10 17:27:08,785 [WARN] PackLoader:240 - Cannot read IP mode file for portGmbH.I-Cube-SoM-uGOAL.1.1.0
2023-04-10 17:27:08,789 [WARN] PackLoader:240 - Cannot read IP mode file for STMicroelectronics.X-CUBE-ALS.1.0.1
2023-04-10 17:27:08,842 [WARN] PackLoader:240 - Cannot read IP mode file for STMicroelectronics.X-CUBE-MEMS1.9.5.0
2023-04-10 17:27:09,098 [WARN] PackLoader:240 - Cannot read IP mode file for STMicroelectronics.X-CUBE-AZRTOS-WB.1.1.0
2023-04-10 17:27:09,138 [WARN] PackLoader:240 - Cannot read IP mode file for SEGGER.I-CUBE-embOS.1.3.1
2023-04-10 17:27:09,243 [WARN] PackLoader:240 - Cannot read IP mode file for STMicroelectronics.X-CUBE-MEMS1.8.3.0
2023-04-10 17:27:09,465 [WARN] PackLoader:240 - Cannot read IP mode file for STMicroelectronics.X-CUBE-AZRTOS-L5.1.0.0
2023-04-10 17:27:09,472 [WARN] PackLoader:240 - Cannot read IP mode file for STMicroelectronics.X-CUBE-EEPRMA1.3.1.0
2023-04-10 17:27:09,477 [WARN] PackLoader:240 - Cannot read IP mode file for STMicroelectronics.X-CUBE-EEPRMA1.3.1.1
2023-04-10 17:27:09,483 [WARN] PackLoader:240 - Cannot read IP mode file for STMicroelectronics.X-CUBE-GNSS1.5.2.0
2023-04-10 17:27:09,491 [WARN] PackLoader:240 - Cannot read IP mode file for STMicroelectronics.X-CUBE-DISPLAY.2.0.1
2023-04-10 17:27:09,494 [WARN] PackLoader:240 - Cannot read IP mode file for STMicroelectronics.X-CUBE-TOUCHGFX.4.16.1
2023-04-10 17:27:09,501 [WARN] PackLoader:240 - Cannot read IP mode file for STMicroelectronics.X-CUBE-TOF1.3.0.0
2023-04-10 17:27:09,504 [INFO] ThirdParty:978 - Integrity check success = true
2023-04-10 17:27:09,504 [INFO] IntegrityCheckThread:100 - exiting critical section [integrity check]
2023-04-10 17:27:09,504 [INFO] IntegrityCheckThread:103 - End integrity checks thread
2023-04-10 17:27:09,860 [INFO] ApiDb:240 - Found 297 in-development CPN: [B-G473E-ZEST1S, B-WB1M-WPAN1, B-WL5M-SUBG1, NUCLEO-C031C6, NUCLEO-H503RB, NUCLEO-H563ZI, NUCLEO-U545RE-Q, NUCLEO-U5A5ZJ-Q, NUCLEO-WBA52CG, STEVAL-PROTEUS1, STEVAL-STWINBX1, STM320518-EVAL, STM32C0116-DK, STM32C011D6Y3TR, STM32C011D6Y6TR, STM32C011F4P3, STM32C011F4P6, STM32C011F4U3, STM32C011F4U6TR, STM32C011F6P3, STM32C011F6P6, STM32C011F6U3, STM32C011F6U6TR, STM32C011J4M3, STM32C011J4M6, STM32C011J6M3, STM32C011J6M6, STM32C0316-DK, STM32C031C4T3, STM32C031C4T6, STM32C031C4U3, STM32C031C4U6, STM32C031C6T3, STM32C031C6T6, STM32C031C6U3, STM32C031C6U6, STM32C031F4P3, STM32C031F4P6, STM32C031F6P3, STM32C031F6P6, STM32C031G4U3, STM32C031G4U6, STM32C031G6U3, STM32C031G6U6, STM32C031K4T3, STM32C031K4T6, STM32C031K4U3, STM32C031K4U6, STM32C031K6T3, STM32C031K6T6, STM32C031K6U3, STM32C031K6U6, STM32G071K8TXN, STM32G071K8UXN, STM32G081GBU6N, STM32G081KBT6N, STM32G081KBUXN, STM32G0B1CCT6N, STM32G0B1KCT6, STM32G0B1NEY6TR, STM32G0B1RCT6N, STM32G0C1CCT6, STM32G0C1CCT6N, STM32G0C1CCU6N, STM32G0C1CET6N, STM32G0C1CEU6N, STM32G0C1KCT6, STM32G0C1NEY6TR, STM32G0C1RCI6N, STM32G0C1RCT6N, STM32G0C1REI6N, STM32G0C1RET6N, STM32G0C1VCI6, STM32G0C1VEI6, STM32G471CCT6, STM32G471CCU6, STM32G471CET3, STM32G471CET6, STM32G471CEU3, STM32G471CEU6, STM32G471MCT6, STM32G471MET3, STM32G471MET6, STM32G471MEY6TR, STM32G471QCT6, STM32G471QET3, STM32G471RCT6, STM32G471RET3, STM32G471RET6, STM32G471VCH6, STM32G471VCI6, STM32G471VCT6, STM32G471VEH3, STM32G471VEH6, STM32G471VEI3, STM32G471VEI6, STM32G471VET3, STM32G471VET6, STM32G474CCT6, STM32H503CBT6, STM32H503CBU6, STM32H503EBY6TR, STM32H503KBU6, STM32H503RBT6, STM32H562AGI6, STM32H562AII6, STM32H562IGK6, STM32H562IGT6, STM32H562IIK6, STM32H562IIT6, STM32H562RGT6, STM32H562RGV6, STM32H562RIT6, STM32H562RIV6, STM32H562VGT6, STM32H562VIT6, STM32H562ZGT6, STM32H562ZIT6, STM32H563AGI6, STM32H563AII3Q, STM32H563AII6, STM32H563IGK6, STM32H563IGT6, STM32H563IIK3Q, STM32H563IIK6, STM32H563IIT3Q, STM32H563IIT6, STM32H563MIY3QTR, STM32H563RGT6, STM32H563RGV6, STM32H563RIT6, STM32H563RIV6, STM32H563VGT6, STM32H563VIT3Q, STM32H563VIT6, STM32H563ZGT6, STM32H563ZIT3Q, STM32H563ZIT6, STM32H573AII3Q, STM32H573AII6, STM32H573I-DK, STM32H573IIK3Q, STM32H573IIK6, STM32H573IIT3Q, STM32H573IIT6, STM32H573MIY3QTR, STM32H573RIT6, STM32H573RIV6, STM32H573VIT3Q, STM32H573VIT6, STM32H573ZIT3Q, STM32H573ZIT6, STM32L4R5QGI6STR, STM32MP131AAE3, STM32MP131AAF3, STM32MP131AAG3, STM32MP131CAE3, STM32MP131CAF3, STM32MP131CAG3, STM32MP131DAE7, STM32MP131DAF7, STM32MP131DAG7, STM32MP131FAE7, STM32MP131FAF7, STM32MP131FAG7, STM32MP133AAE3, STM32MP133AAF3, STM32MP133AAG3, STM32MP133CAE3, STM32MP133CAF3, STM32MP133CAG3, STM32MP133DAE7, STM32MP133DAF7, STM32MP133DAG7, STM32MP133FAE7, STM32MP133FAF7, STM32MP133FAG7, STM32MP135AAE3, STM32MP135AAF3, STM32MP135AAG3, STM32MP135CAE3, STM32MP135CAF3, STM32MP135CAG3, STM32MP135DAE7, STM32MP135DAF7, STM32MP135DAG7, STM32MP135F-DK, STM32MP135FAE7, STM32MP135FAF7, STM32MP135FAF7T, STM32MP135FAF7U, STM32MP135FAG7, STM32U535CBT6, STM32U535CBT6Q, STM32U535CBU6, STM32U535CBU6Q, STM32U535CCT6, STM32U535CCT6Q, STM32U535CCU6, STM32U535CCU6Q, STM32U535CET6, STM32U535CET6Q, STM32U535CEU6, STM32U535CEU6Q, STM32U535JEY6QTR, STM32U535NCY6QTR, STM32U535NEY6QTR, STM32U535RBI6, STM32U535RBI6Q, STM32U535RBT6, STM32U535RBT6Q, STM32U535RCI6, STM32U535RCI6Q, STM32U535RCT6, STM32U535RCT6Q, STM32U535REI6, STM32U535REI6Q, STM32U535RET6, STM32U535RET6Q, STM32U535VCI6, STM32U535VCI6Q, STM32U535VCT6, STM32U535VCT6Q, STM32U535VEI6, STM32U535VEI6Q, STM32U535VET6, STM32U535VET6Q, STM32U545CET6, STM32U545CET6Q, STM32U545CEU6, STM32U545CEU6Q, STM32U545JEY6QTR, STM32U545NEY6QTR, STM32U545REI6, STM32U545REI6Q, STM32U545RET6, STM32U545RET6Q, STM32U545VEI6, STM32U545VEI6Q, STM32U545VET6, STM32U545VET6Q, STM32U595AIH6, STM32U595AIH6Q, STM32U595AJH6, STM32U595AJH6Q, STM32U595QII6, STM32U595QII6Q, STM32U595QJI6, STM32U595QJI6Q, STM32U595RIT6, STM32U595RIT6Q, STM32U595RJT6, STM32U595RJT6Q, STM32U595VIT6, STM32U595VIT6Q, STM32U595VJT6, STM32U595VJT6Q, STM32U595ZIT6, STM32U595ZIT6Q, STM32U595ZIY6QTR, STM32U595ZJT6, STM32U595ZJT6Q, STM32U595ZJY6QTR, STM32U599BJY6QTR, STM32U599NIH6Q, STM32U599NJH6Q, STM32U599VIT6Q, STM32U599VJT6, STM32U599VJT6Q, STM32U599ZIT6Q, STM32U599ZIY6QTR, STM32U599ZJT6Q, STM32U599ZJY6QTR, STM32U5A5AJH6, STM32U5A5AJH6Q, STM32U5A5QJI6, STM32U5A5QJI6Q, STM32U5A5RJT6, STM32U5A5RJT6Q, STM32U5A5VJT6, STM32U5A5VJT6Q, STM32U5A5ZJT6, STM32U5A5ZJT6Q, STM32U5A5ZJY6QTR, STM32U5A9BJY6QTR, STM32U5A9J-DK, STM32U5A9NJH6Q, STM32U5A9VJT6Q, STM32U5A9ZJT6Q, STM32U5A9ZJY6QTR, STM32WB1MMCH6, STM32WBA52CEU6, STM32WBA52CEU6T, STM32WBA52CGU6, STM32WBA52CGU6T, STM32WL5MOCH6, STM32WL5MOCH6TR]
2023-04-10 17:27:09,864 [INFO] DbMcus:216 - Found 3775 MCUs, 3775 are supported
2023-04-10 17:27:09,867 [INFO] ApiDb:423 - Load user favorites file /Users/nahl/.stm32cubeide/favorites.mcus.txt: 0 item(s)
2023-04-10 17:27:09,867 [INFO] ApiDb:427 - User favorites MCUs=[]
2023-04-10 17:27:09,867 [INFO] DbMcus:222 - Set 0 / 0 favorites MCUs
2023-04-10 17:27:10,230 [INFO] ApiDb:668 - CubeFinder database Data Model version=2.1
2023-04-10 17:27:10,231 [INFO] ApiDb:669 - CubeFinder database Configuration version=3.0.35
2023-04-10 17:27:10,231 [INFO] ApiDb:670 - CubeFinder database generation date=2023-03-10 (1678456172)
2023-04-10 17:27:10,231 [INFO] ApiDb:671 - CubeFinder database FW Pack versions=[FP-ATR-ASTRA1_V1.1.1, STM32Cube_FW_C0_V1.0.1, STM32Cube_FW_F0_V1.11.4, STM32Cube_FW_F3_V1.11.4, STM32Cube_FW_F4_V1.27.1, STM32Cube_FW_F7_V1.17.0, STM32Cube_FW_G0_V1.6.1, STM32Cube_FW_G4_V1.5.1, STM32Cube_FW_H5_V0.5.1, STM32Cube_FW_H5_V1.0.0, STM32Cube_FW_H7_V1.11.0, STM32Cube_FW_L0_V1.12.2, STM32Cube_FW_L5_V1.5.0, STM32Cube_FW_U5_V1.2.0, STM32Cube_FW_WBA_V1.0.0, STM32Cube_FW_WBA_V1.0.0RC1, STM32Cube_FW_WBA_V1.0.0RC3, STM32Cube_FW_WB_V1.15.0RC1, STM32Cube_FW_WB_V1.16.0, STM32Cube_FW_WB_V1.16.0RC2, STM32Cube_FW_WL_V1.3.0, X-CUBE-ALGOBUILD_V1.3.0, X-CUBE-ALS_V1.0.1, X-CUBE-AZRTOS-F4_V1.1.0, X-CUBE-AZRTOS-F7_V1.1.0, X-CUBE-AZRTOS-G0_V1.1.0, X-CUBE-AZRTOS-G4_V1.0.0, X-CUBE-AZRTOS-H7_V3.0.0, X-CUBE-AZRTOS-L4_V1.0.0, X-CUBE-AZRTOS-L5_V1.1.0, X-CUBE-AZRTOS-WB_V1.1.0, X-CUBE-AZRTOS-WL_V1.0.0, X-CUBE-BLE1_V6.2.4, X-CUBE-BLE2_V3.3.0, X-CUBE-BLEMGR_V1.3.0, X-CUBE-EEPRMA1_V4.1.0, X-CUBE-GNSS1_V6.0.0, X-CUBE-MEMS1_V9.1.0, X-CUBE-MEMS1_V9.4.0, X-CUBE-MEMS1_V9.5.0, X-CUBE-NFC4_V3.0.0, X-CUBE-NFC7_V1.0.0, X-CUBE-SFXS2LP1_V4.0.0, X-CUBE-SUBG2_V5.0.0]
2023-04-10 17:27:10,299 [INFO] DbBoardsSqlite:226 - include board P-NUCLEO-WB55-NUCLEO as a kit item of type 'Nucleo-64'
2023-04-10 17:27:10,299 [INFO] DbBoardsSqlite:226 - include board P-NUCLEO-WB55-USBDONGLE as a kit item of type 'Nucleo USB Dongle'
2023-04-10 17:27:10,299 [INFO] DbBoardsSqlite:226 - include board STEVAL-IDP005V1 as a kit item of type 'Evaluation Board'
2023-04-10 17:27:10,300 [INFO] DbBoardsSqlite:226 - include board STEVAL-IDP005V2 as a kit item of type 'Evaluation Board'
2023-04-10 17:27:10,345 [INFO] ApiDb:240 - Found 297 in-development CPN: [B-G473E-ZEST1S, B-WB1M-WPAN1, B-WL5M-SUBG1, NUCLEO-C031C6, NUCLEO-H503RB, NUCLEO-H563ZI, NUCLEO-U545RE-Q, NUCLEO-U5A5ZJ-Q, NUCLEO-WBA52CG, STEVAL-PROTEUS1, STEVAL-STWINBX1, STM320518-EVAL, STM32C0116-DK, STM32C011D6Y3TR, STM32C011D6Y6TR, STM32C011F4P3, STM32C011F4P6, STM32C011F4U3, STM32C011F4U6TR, STM32C011F6P3, STM32C011F6P6, STM32C011F6U3, STM32C011F6U6TR, STM32C011J4M3, STM32C011J4M6, STM32C011J6M3, STM32C011J6M6, STM32C0316-DK, STM32C031C4T3, STM32C031C4T6, STM32C031C4U3, STM32C031C4U6, STM32C031C6T3, STM32C031C6T6, STM32C031C6U3, STM32C031C6U6, STM32C031F4P3, STM32C031F4P6, STM32C031F6P3, STM32C031F6P6, STM32C031G4U3, STM32C031G4U6, STM32C031G6U3, STM32C031G6U6, STM32C031K4T3, STM32C031K4T6, STM32C031K4U3, STM32C031K4U6, STM32C031K6T3, STM32C031K6T6, STM32C031K6U3, STM32C031K6U6, STM32G071K8TXN, STM32G071K8UXN, STM32G081GBU6N, STM32G081KBT6N, STM32G081KBUXN, STM32G0B1CCT6N, STM32G0B1KCT6, STM32G0B1NEY6TR, STM32G0B1RCT6N, STM32G0C1CCT6, STM32G0C1CCT6N, STM32G0C1CCU6N, STM32G0C1CET6N, STM32G0C1CEU6N, STM32G0C1KCT6, STM32G0C1NEY6TR, STM32G0C1RCI6N, STM32G0C1RCT6N, STM32G0C1REI6N, STM32G0C1RET6N, STM32G0C1VCI6, STM32G0C1VEI6, STM32G471CCT6, STM32G471CCU6, STM32G471CET3, STM32G471CET6, STM32G471CEU3, STM32G471CEU6, STM32G471MCT6, STM32G471MET3, STM32G471MET6, STM32G471MEY6TR, STM32G471QCT6, STM32G471QET3, STM32G471RCT6, STM32G471RET3, STM32G471RET6, STM32G471VCH6, STM32G471VCI6, STM32G471VCT6, STM32G471VEH3, STM32G471VEH6, STM32G471VEI3, STM32G471VEI6, STM32G471VET3, STM32G471VET6, STM32G474CCT6, STM32H503CBT6, STM32H503CBU6, STM32H503EBY6TR, STM32H503KBU6, STM32H503RBT6, STM32H562AGI6, STM32H562AII6, STM32H562IGK6, STM32H562IGT6, STM32H562IIK6, STM32H562IIT6, STM32H562RGT6, STM32H562RGV6, STM32H562RIT6, STM32H562RIV6, STM32H562VGT6, STM32H562VIT6, STM32H562ZGT6, STM32H562ZIT6, STM32H563AGI6, STM32H563AII3Q, STM32H563AII6, STM32H563IGK6, STM32H563IGT6, STM32H563IIK3Q, STM32H563IIK6, STM32H563IIT3Q, STM32H563IIT6, STM32H563MIY3QTR, STM32H563RGT6, STM32H563RGV6, STM32H563RIT6, STM32H563RIV6, STM32H563VGT6, STM32H563VIT3Q, STM32H563VIT6, STM32H563ZGT6, STM32H563ZIT3Q, STM32H563ZIT6, STM32H573AII3Q, STM32H573AII6, STM32H573I-DK, STM32H573IIK3Q, STM32H573IIK6, STM32H573IIT3Q, STM32H573IIT6, STM32H573MIY3QTR, STM32H573RIT6, STM32H573RIV6, STM32H573VIT3Q, STM32H573VIT6, STM32H573ZIT3Q, STM32H573ZIT6, STM32L4R5QGI6STR, STM32MP131AAE3, STM32MP131AAF3, STM32MP131AAG3, STM32MP131CAE3, STM32MP131CAF3, STM32MP131CAG3, STM32MP131DAE7, STM32MP131DAF7, STM32MP131DAG7, STM32MP131FAE7, STM32MP131FAF7, STM32MP131FAG7, STM32MP133AAE3, STM32MP133AAF3, STM32MP133AAG3, STM32MP133CAE3, STM32MP133CAF3, STM32MP133CAG3, STM32MP133DAE7, STM32MP133DAF7, STM32MP133DAG7, STM32MP133FAE7, STM32MP133FAF7, STM32MP133FAG7, STM32MP135AAE3, STM32MP135AAF3, STM32MP135AAG3, STM32MP135CAE3, STM32MP135CAF3, STM32MP135CAG3, STM32MP135DAE7, STM32MP135DAF7, STM32MP135DAG7, STM32MP135F-DK, STM32MP135FAE7, STM32MP135FAF7, STM32MP135FAF7T, STM32MP135FAF7U, STM32MP135FAG7, STM32U535CBT6, STM32U535CBT6Q, STM32U535CBU6, STM32U535CBU6Q, STM32U535CCT6, STM32U535CCT6Q, STM32U535CCU6, STM32U535CCU6Q, STM32U535CET6, STM32U535CET6Q, STM32U535CEU6, STM32U535CEU6Q, STM32U535JEY6QTR, STM32U535NCY6QTR, STM32U535NEY6QTR, STM32U535RBI6, STM32U535RBI6Q, STM32U535RBT6, STM32U535RBT6Q, STM32U535RCI6, STM32U535RCI6Q, STM32U535RCT6, STM32U535RCT6Q, STM32U535REI6, STM32U535REI6Q, STM32U535RET6, STM32U535RET6Q, STM32U535VCI6, STM32U535VCI6Q, STM32U535VCT6, STM32U535VCT6Q, STM32U535VEI6, STM32U535VEI6Q, STM32U535VET6, STM32U535VET6Q, STM32U545CET6, STM32U545CET6Q, STM32U545CEU6, STM32U545CEU6Q, STM32U545JEY6QTR, STM32U545NEY6QTR, STM32U545REI6, STM32U545REI6Q, STM32U545RET6, STM32U545RET6Q, STM32U545VEI6, STM32U545VEI6Q, STM32U545VET6, STM32U545VET6Q, STM32U595AIH6, STM32U595AIH6Q, STM32U595AJH6, STM32U595AJH6Q, STM32U595QII6, STM32U595QII6Q, STM32U595QJI6, STM32U595QJI6Q, STM32U595RIT6, STM32U595RIT6Q, STM32U595RJT6, STM32U595RJT6Q, STM32U595VIT6, STM32U595VIT6Q, STM32U595VJT6, STM32U595VJT6Q, STM32U595ZIT6, STM32U595ZIT6Q, STM32U595ZIY6QTR, STM32U595ZJT6, STM32U595ZJT6Q, STM32U595ZJY6QTR, STM32U599BJY6QTR, STM32U599NIH6Q, STM32U599NJH6Q, STM32U599VIT6Q, STM32U599VJT6, STM32U599VJT6Q, STM32U599ZIT6Q, STM32U599ZIY6QTR, STM32U599ZJT6Q, STM32U599ZJY6QTR, STM32U5A5AJH6, STM32U5A5AJH6Q, STM32U5A5QJI6, STM32U5A5QJI6Q, STM32U5A5RJT6, STM32U5A5RJT6Q, STM32U5A5VJT6, STM32U5A5VJT6Q, STM32U5A5ZJT6, STM32U5A5ZJT6Q, STM32U5A5ZJY6QTR, STM32U5A9BJY6QTR, STM32U5A9J-DK, STM32U5A9NJH6Q, STM32U5A9VJT6Q, STM32U5A9ZJT6Q, STM32U5A9ZJY6QTR, STM32WB1MMCH6, STM32WBA52CEU6, STM32WBA52CEU6T, STM32WBA52CGU6, STM32WBA52CGU6T, STM32WL5MOCH6, STM32WL5MOCH6TR]
2023-04-10 17:27:10,542 [INFO] BoardInfo:880 - No configuration file found for board P-NUCLEO-WB55
2023-04-10 17:27:10,545 [INFO] DbBoards:157 - Kit is not supported: P-NUCLEO-WB55
2023-04-10 17:27:10,563 [INFO] BoardInfo:880 - No configuration file found for board STEVAL-BFA001V1B
2023-04-10 17:27:10,563 [INFO] DbBoards:157 - Kit is not supported: STEVAL-BFA001V1B
2023-04-10 17:27:10,565 [INFO] BoardInfo:880 - No configuration file found for board STEVAL-BFA001V2B
2023-04-10 17:27:10,567 [INFO] DbBoards:157 - Kit is not supported: STEVAL-BFA001V2B
2023-04-10 17:27:10,730 [INFO] DbBoards:161 - Found 187 boards, 184 are supported
2023-04-10 17:27:10,734 [INFO] ApiDb:423 - Load user favorites file /Users/nahl/.stm32cubeide/favorites.boards.txt: 0 item(s)
2023-04-10 17:27:10,734 [INFO] ApiDb:427 - User favorites Boards=[]
2023-04-10 17:27:10,735 [INFO] DbBoards:190 - Set 0 / 0 favorites Boards
2023-04-10 17:27:10,738 [INFO] ApiDb:668 - CubeFinder database Data Model version=2.1
2023-04-10 17:27:10,738 [INFO] ApiDb:669 - CubeFinder database Configuration version=3.0.35
2023-04-10 17:27:10,738 [INFO] ApiDb:670 - CubeFinder database generation date=2023-03-10 (1678456172)
2023-04-10 17:27:10,738 [INFO] ApiDb:671 - CubeFinder database FW Pack versions=[FP-ATR-ASTRA1_V1.1.1, STM32Cube_FW_C0_V1.0.1, STM32Cube_FW_F0_V1.11.4, STM32Cube_FW_F3_V1.11.4, STM32Cube_FW_F4_V1.27.1, STM32Cube_FW_F7_V1.17.0, STM32Cube_FW_G0_V1.6.1, STM32Cube_FW_G4_V1.5.1, STM32Cube_FW_H5_V0.5.1, STM32Cube_FW_H5_V1.0.0, STM32Cube_FW_H7_V1.11.0, STM32Cube_FW_L0_V1.12.2, STM32Cube_FW_L5_V1.5.0, STM32Cube_FW_U5_V1.2.0, STM32Cube_FW_WBA_V1.0.0, STM32Cube_FW_WBA_V1.0.0RC1, STM32Cube_FW_WBA_V1.0.0RC3, STM32Cube_FW_WB_V1.15.0RC1, STM32Cube_FW_WB_V1.16.0, STM32Cube_FW_WB_V1.16.0RC2, STM32Cube_FW_WL_V1.3.0, X-CUBE-ALGOBUILD_V1.3.0, X-CUBE-ALS_V1.0.1, X-CUBE-AZRTOS-F4_V1.1.0, X-CUBE-AZRTOS-F7_V1.1.0, X-CUBE-AZRTOS-G0_V1.1.0, X-CUBE-AZRTOS-G4_V1.0.0, X-CUBE-AZRTOS-H7_V3.0.0, X-CUBE-AZRTOS-L4_V1.0.0, X-CUBE-AZRTOS-L5_V1.1.0, X-CUBE-AZRTOS-WB_V1.1.0, X-CUBE-AZRTOS-WL_V1.0.0, X-CUBE-BLE1_V6.2.4, X-CUBE-BLE2_V3.3.0, X-CUBE-BLEMGR_V1.3.0, X-CUBE-EEPRMA1_V4.1.0, X-CUBE-GNSS1_V6.0.0, X-CUBE-MEMS1_V9.1.0, X-CUBE-MEMS1_V9.4.0, X-CUBE-MEMS1_V9.5.0, X-CUBE-NFC4_V3.0.0, X-CUBE-NFC7_V1.0.0, X-CUBE-SFXS2LP1_V4.0.0, X-CUBE-SUBG2_V5.0.0]
2023-04-10 17:27:12,015 [INFO] DbExamplesSqlite:376 - Ignored 46 examples not supported by CubeIDE
2023-04-10 17:27:12,018 [INFO] DbExamplesSqlite:377 - Found 7328 examples active
2023-04-10 17:27:12,019 [INFO] DbExamplesSqlite:378 - Found 1095 examples obsolete
2023-04-10 17:27:12,019 [INFO] DbExamplesSqlite:379 - Found 0 examples under development
2023-04-10 17:27:12,019 [INFO] DbExamplesSqlite:380 - Found 77 examples not building
2023-04-10 17:27:12,022 [INFO] DbExamples:125 - Found 7359 examples
2023-04-10 17:27:12,039 [INFO] DbExamples:222 - Found 92 boards with related examples
2023-04-10 17:27:12,040 [INFO] DbExamples:235 - Found 78 MCUs with related examples
2023-04-10 17:27:12,064 [INFO] ApiDb:423 - Load user favorites file /Users/nahl/.stm32cubeide/favorites.examples.txt: 0 item(s)
2023-04-10 17:27:12,066 [INFO] ApiDb:427 - User favorites Examples=[]
2023-04-10 17:27:12,069 [INFO] DbExamples:250 - Set 0 / 0 favorites Examples
2023-04-10 17:27:12,302 [INFO] McuFinderGlobals:66 - Set McuFinderConnectedMode to true
2023-04-10 17:27:12,311 [INFO] MultiScanPanel:200 - Auto-refresh data requested => check proxy status ongoing
2023-04-10 17:27:12,322 [INFO] FinderPluginLoader:95 - Searching for filters in installed packs
2023-04-10 17:27:14,025 [INFO] LoadUrlFilesThread:185 - End of LoadServerUrlFiles without Thread
2023-04-10 17:27:14,036 [INFO] DetailPanel:341 - Set advertising image to /Users/nahl/STM32Cube/Repository//en.prom-stm32h5-mcu-finder.jpg
2023-04-10 17:27:15,531 [INFO] ToolPreferences:110 - Table McuList, key=mcufinder_cubeide.mculist: column name not found=IO
2023-04-10 17:27:15,531 [INFO] ToolPreferences:110 - Table McuList, key=mcufinder_cubeide.mculist: column name not found=Freq.
2023-04-10 17:27:20,020 [INFO] MultiScanPanel:200 - Auto-refresh data requested => check proxy status ongoing
2023-04-10 17:27:20,176 [INFO] LoadUrlFilesThread:185 - End of LoadServerUrlFiles without Thread
2023-04-10 17:27:20,176 [INFO] DetailPanel:341 - Set advertising image to /Users/nahl/STM32Cube/Repository//en.prom-stm32h5-mcu-finder.jpg
2023-04-10 17:27:20,190 [INFO] DbBoards:634 - Loading board mini-images...
2023-04-10 17:27:23,777 [INFO] DbBoards:657 - Loaded 187 board mini-images
2023-04-10 17:28:13,136 [INFO] McuFinderGlobals:66 - Set McuFinderConnectedMode to true
2023-04-10 17:28:13,143 [INFO] ApiDb:448 - Save user favorites file /Users/nahl/.stm32cubeide/favorites.mcus.txt: 0 item(s)
2023-04-10 17:28:13,144 [INFO] ApiDb:452 - User favorites MCUs=[]
2023-04-10 17:28:13,145 [INFO] ApiDb:448 - Save user favorites file /Users/nahl/.stm32cubeide/favorites.boards.txt: 0 item(s)
2023-04-10 17:28:13,146 [INFO] ApiDb:452 - User favorites Boards=[]
2023-04-10 17:34:57,690 [INFO] Activator:176 - 


2023-04-10 17:34:57,692 [INFO] Activator:177 - !SESSION log4j initialized
2023-04-10 17:35:02,109 [ERROR] LogOutputStream:75 - [STDERR_REDIRECT] 
2023-04-10 17:35:07,636 [INFO] LogOutputStream:77 - [STDOUT_REDIRECT] 
2023-04-10 17:35:10,554 [INFO] LogOutputStream:77 - [STDOUT_REDIRECT] 
2023-04-10 17:35:22,556 [ERROR] LogOutputStream:75 - [STDERR_REDIRECT] SLF4J: Failed to load class "org.slf4j.impl.StaticLoggerBinder".
2023-04-10 17:35:22,557 [ERROR] LogOutputStream:75 - [STDERR_REDIRECT] SLF4J: Defaulting to no-operation (NOP) logger implementation
2023-04-10 17:35:22,557 [ERROR] LogOutputStream:75 - [STDERR_REDIRECT] SLF4J: See http://www.slf4j.org/codes.html#StaticLoggerBinder for further details.
